<?xml version="1.0" encoding="UTF-8"?>
<!-- Generated by org.testng.reporters.JUnitXMLReporter -->
<testsuite hostname="DESKTOP-PJPVUS5" ignored="0" name="Default test" tests="27" failures="0" timestamp="01 Feb 2021 05:38:12 GMT" time="89.505" errors="0">
  <testcase name="login" time="2.901" classname="com.Freecrm.test.Admintest"/>
  <testcase name="validateUname" time="0.166" classname="com.Freecrm.test.Admintest"/>
  <testcase name="createNewDeal" time="2.998" classname="com.Freecrm.test.Admintest"/>
  <testcase name="createNewDeal" time="2.807" classname="com.Freecrm.test.Admintest"/>
  <testcase name="createNewDeal" time="3.275" classname="com.Freecrm.test.Admintest"/>
  <testcase name="createNewDeal" time="3.346" classname="com.Freecrm.test.Admintest"/>
  <testcase name="createNewDeal" time="3.31" classname="com.Freecrm.test.Admintest"/>
  <testcase name="createcalender" time="2.742" classname="com.Freecrm.test.Admintest"/>
  <testcase name="createcalender" time="2.62" classname="com.Freecrm.test.Admintest"/>
  <testcase name="createcalender" time="2.665" classname="com.Freecrm.test.Admintest"/>
  <testcase name="createcalender" time="2.565" classname="com.Freecrm.test.Admintest"/>
  <testcase name="createcalender" time="2.733" classname="com.Freecrm.test.Admintest"/>
  <testcase name="createcompanies" time="3.461" classname="com.Freecrm.test.Admintest"/>
  <testcase name="createcompanies" time="4.146" classname="com.Freecrm.test.Admintest"/>
  <testcase name="createcompanies" time="4.444" classname="com.Freecrm.test.Admintest"/>
  <testcase name="createcompanies" time="3.379" classname="com.Freecrm.test.Admintest"/>
  <testcase name="createcompanies" time="2.931" classname="com.Freecrm.test.Admintest"/>
  <testcase name="createcontact" time="3.399" classname="com.Freecrm.test.Admintest"/>
  <testcase name="createcontact" time="3.171" classname="com.Freecrm.test.Admintest"/>
  <testcase name="createcontact" time="3.228" classname="com.Freecrm.test.Admintest"/>
  <testcase name="createcontact" time="3.365" classname="com.Freecrm.test.Admintest"/>
  <testcase name="createcontact" time="3.681" classname="com.Freecrm.test.Admintest"/>
  <testcase name="createtask" time="2.512" classname="com.Freecrm.test.Admintest"/>
  <testcase name="createtask" time="2.556" classname="com.Freecrm.test.Admintest"/>
  <testcase name="createtask" time="2.773" classname="com.Freecrm.test.Admintest"/>
  <testcase name="createtask" time="2.641" classname="com.Freecrm.test.Admintest"/>
  <testcase name="createtask" time="2.974" classname="com.Freecrm.test.Admintest"/>
</testsuite> <!-- Default test -->
